<?xml version="1.0" encoding="UTF-8"?>
<testsuite name="EMPTY_NAME" tests="1" skipped="0" failures="0" errors="0" timestamp="2020-11-05T20:43:41" hostname="HDIPF0V15SZ" time="32.706">
  <properties/>
  <testcase name="Registrar un doctor en el sistema de administracion del hospital" classname="EMPTY_NAME" time="32.706"/>
  <system-out><![CDATA[]]></system-out>
  <system-err><![CDATA[nov 05, 2020 3:43:41 PM org.openqa.selenium.remote.DesiredCapabilities chrome
INFORMACIÓN: Using `new ChromeOptions()` is preferred to `DesiredCapabilities.chrome()`
Starting ChromeDriver 86.0.4240.22 (398b0743353ff36fb1b82468f63a3a93b4e2e89e-refs/branch-heads/4240@{#378}) on port 32259
Only local connections are allowed.
Please see https://chromedriver.chromium.org/security-considerations for suggestions on keeping ChromeDriver safe.
ChromeDriver was started successfully.
nov 05, 2020 3:43:48 PM org.openqa.selenium.remote.ProtocolHandshake createSession
INFORMACIÓN: Detected dialect: W3C
[Test worker] INFO net.serenitybdd.core.Serenity - 
        __    _____ _____ ____ _____   ____   _    ____  ____  _____ ____  
  _     \ \  |_   _| ____/ ___|_   _| |  _ \ / \  / ___|/ ___|| ____|  _ \ 
 (_)_____| |   | | |  _| \___ \ | |   | |_) / _ \ \___ \\___ \|  _| | | | |
  _|_____| |   | | | |___ ___) || |   |  __/ ___ \ ___) |___) | |___| |_| |
 (_)     | |   |_| |_____|____/ |_|   |_| /_/   \_\____/|____/|_____|____/ 
        /_/                                                                

TEST PASSED: Registrar un doctor en el sistema de administracion del hospital
----------------------------------------------------------------------------
]]></system-err>
</testsuite>
